Reading netlist file: "/run/media/hpp/softwaredata/code/FPGA/led_blink/impl/gwsynthesis/led_blink.vg"
Parsing netlist file "/run/media/hpp/softwaredata/code/FPGA/led_blink/impl/gwsynthesis/led_blink.vg" completed
Processing netlist completed
Reading constraint file: "/run/media/hpp/softwaredata/code/FPGA/led_blink/src/led_blink.cst"
Physical Constraint parsed completed
Running placement......
[10%] Placement Phase 0 completed
[20%] Placement Phase 1 completed
[30%] Placement Phase 2 completed
WARN  (TA1132) :  'clock' was determined to be a clock but was not created.
[50%] Placement Phase 3 completed
Running routing......
[60%] Routing Phase 0 completed
[70%] Routing Phase 1 completed
[80%] Routing Phase 2 completed
[90%] Routing Phase 3 completed
Running timing analysis......
[95%] Timing analysis completed
Placement and routing completed
Bitstream generation in progress......
Bitstream generation completed
Running power analysis......
[100%] Power analysis completed
Generate file "/run/media/hpp/softwaredata/code/FPGA/led_blink/impl/pnr/led_blink.power.html" completed
Generate file "/run/media/hpp/softwaredata/code/FPGA/led_blink/impl/pnr/led_blink.pin.html" completed
Generate file "/run/media/hpp/softwaredata/code/FPGA/led_blink/impl/pnr/led_blink.rpt.html" completed
Generate file "/run/media/hpp/softwaredata/code/FPGA/led_blink/impl/pnr/led_blink.rpt.txt" completed
Generate file "/run/media/hpp/softwaredata/code/FPGA/led_blink/impl/pnr/led_blink.tr.html" completed
Wed Dec 17 19:30:37 2025

