Reading netlist file: "/run/media/HPP/softwaredata/code/FPGA/TangPrimer-20K-example/UART/impl/gwsynthesis/uart_Hello.vg"
Parsing netlist file "/run/media/HPP/softwaredata/code/FPGA/TangPrimer-20K-example/UART/impl/gwsynthesis/uart_Hello.vg" completed
Processing netlist completed
Reading constraint file: "/run/media/HPP/softwaredata/code/FPGA/TangPrimer-20K-example/UART/src/top.cst"
Physical Constraint parsed completed
Running placement......
[10%] Placement Phase 0 completed
[20%] Placement Phase 1 completed
[30%] Placement Phase 2 completed
WARN  (TA1132) :  'clk' was determined to be a clock but was not created.
[50%] Placement Phase 3 completed
Running routing......
[60%] Routing Phase 0 completed
[70%] Routing Phase 1 completed
[80%] Routing Phase 2 completed
[90%] Routing Phase 3 completed
Running timing analysis......
[95%] Timing analysis completed
Placement and routing completed
Bitstream generation in progress......
Bitstream generation completed
Running power analysis......
[100%] Power analysis completed
Generate file "/run/media/HPP/softwaredata/code/FPGA/TangPrimer-20K-example/UART/impl/pnr/uart_Hello.power.html" completed
Generate file "/run/media/HPP/softwaredata/code/FPGA/TangPrimer-20K-example/UART/impl/pnr/uart_Hello.pin.html" completed
Generate file "/run/media/HPP/softwaredata/code/FPGA/TangPrimer-20K-example/UART/impl/pnr/uart_Hello.rpt.html" completed
Generate file "/run/media/HPP/softwaredata/code/FPGA/TangPrimer-20K-example/UART/impl/pnr/uart_Hello.rpt.txt" completed
Generate file "/run/media/HPP/softwaredata/code/FPGA/TangPrimer-20K-example/UART/impl/pnr/uart_Hello.tr.html" completed
Sat Nov 29 21:48:35 2025

